<?xml version="1.0" encoding="UTF-8"?>
<testsuite xmlns:xsi="http://www.w3.org/2001/XMLSchema-instance" xsi:noNamespaceSchemaLocation="https://maven.apache.org/surefire/maven-surefire-plugin/xsd/surefire-test-report-3.0.xsd" version="3.0" name="com.datalathe.client.model.DatalatheResultSetTest" time="0.027" tests="13" errors="0" skipped="0" failures="0">
  <properties>
    <property name="java.specification.version" value="23"/>
    <property name="sun.jnu.encoding" value="UTF-8"/>
    <property name="java.class.path" value="/Users/jasonhansen/Development/datalathe/datalathe-client-java/target/test-classes:/Users/jasonhansen/Development/datalathe/datalathe-client-java/target/classes:/Users/jasonhansen/.m2/repository/com/squareup/okhttp3/okhttp/4.9.1/okhttp-4.9.1.jar:/Users/jasonhansen/.m2/repository/com/squareup/okio/okio/2.8.0/okio-2.8.0.jar:/Users/jasonhansen/.m2/repository/org/jetbrains/kotlin/kotlin-stdlib-common/1.4.0/kotlin-stdlib-common-1.4.0.jar:/Users/jasonhansen/.m2/repository/org/jetbrains/kotlin/kotlin-stdlib/1.4.10/kotlin-stdlib-1.4.10.jar:/Users/jasonhansen/.m2/repository/org/jetbrains/annotations/13.0/annotations-13.0.jar:/Users/jasonhansen/.m2/repository/com/fasterxml/jackson/core/jackson-databind/2.13.0/jackson-databind-2.13.0.jar:/Users/jasonhansen/.m2/repository/com/fasterxml/jackson/core/jackson-annotations/2.13.0/jackson-annotations-2.13.0.jar:/Users/jasonhansen/.m2/repository/com/fasterxml/jackson/core/jackson-core/2.13.0/jackson-core-2.13.0.jar:/Users/jasonhansen/.m2/repository/org/junit/jupiter/junit-jupiter-api/5.10.2/junit-jupiter-api-5.10.2.jar:/Users/jasonhansen/.m2/repository/org/opentest4j/opentest4j/1.3.0/opentest4j-1.3.0.jar:/Users/jasonhansen/.m2/repository/org/junit/platform/junit-platform-commons/1.10.2/junit-platform-commons-1.10.2.jar:/Users/jasonhansen/.m2/repository/org/apiguardian/apiguardian-api/1.1.2/apiguardian-api-1.1.2.jar:/Users/jasonhansen/.m2/repository/org/junit/jupiter/junit-jupiter-engine/5.10.2/junit-jupiter-engine-5.10.2.jar:/Users/jasonhansen/.m2/repository/org/junit/platform/junit-platform-engine/1.10.2/junit-platform-engine-1.10.2.jar:/Users/jasonhansen/.m2/repository/junit/junit/4.13.2/junit-4.13.2.jar:/Users/jasonhansen/.m2/repository/org/hamcrest/hamcrest-core/1.3/hamcrest-core-1.3.jar:/Users/jasonhansen/.m2/repository/com/squareup/okhttp3/mockwebserver/4.9.1/mockwebserver-4.9.1.jar:/Users/jasonhansen/.m2/repository/org/jetbrains/kotlin/kotlin-stdlib-jdk8/1.4.10/kotlin-stdlib-jdk8-1.4.10.jar:/Users/jasonhansen/.m2/repository/org/jetbrains/kotlin/kotlin-stdlib-jdk7/1.4.10/kotlin-stdlib-jdk7-1.4.10.jar:"/>
    <property name="java.vm.vendor" value="Homebrew"/>
    <property name="sun.arch.data.model" value="64"/>
    <property name="java.vendor.url" value="https://github.com/Homebrew/homebrew-core/issues"/>
    <property name="os.name" value="Mac OS X"/>
    <property name="java.vm.specification.version" value="23"/>
    <property name="sun.java.launcher" value="SUN_STANDARD"/>
    <property name="user.country" value="US"/>
    <property name="sun.boot.library.path" value="/opt/homebrew/Cellar/openjdk/23.0.2/libexec/openjdk.jdk/Contents/Home/lib"/>
    <property name="sun.java.command" value="/Users/jasonhansen/Development/datalathe/datalathe-client-java/target/surefire/surefirebooter-20250530092201115_3.jar /Users/jasonhansen/Development/datalathe/datalathe-client-java/target/surefire 2025-05-30T09-22-01_086-jvmRun1 surefire-20250530092201115_1tmp surefire_0-20250530092201115_2tmp"/>
    <property name="http.nonProxyHosts" value="local|*.local|169.254/16|*.169.254/16"/>
    <property name="jdk.debug" value="release"/>
    <property name="surefire.test.class.path" value="/Users/jasonhansen/Development/datalathe/datalathe-client-java/target/test-classes:/Users/jasonhansen/Development/datalathe/datalathe-client-java/target/classes:/Users/jasonhansen/.m2/repository/com/squareup/okhttp3/okhttp/4.9.1/okhttp-4.9.1.jar:/Users/jasonhansen/.m2/repository/com/squareup/okio/okio/2.8.0/okio-2.8.0.jar:/Users/jasonhansen/.m2/repository/org/jetbrains/kotlin/kotlin-stdlib-common/1.4.0/kotlin-stdlib-common-1.4.0.jar:/Users/jasonhansen/.m2/repository/org/jetbrains/kotlin/kotlin-stdlib/1.4.10/kotlin-stdlib-1.4.10.jar:/Users/jasonhansen/.m2/repository/org/jetbrains/annotations/13.0/annotations-13.0.jar:/Users/jasonhansen/.m2/repository/com/fasterxml/jackson/core/jackson-databind/2.13.0/jackson-databind-2.13.0.jar:/Users/jasonhansen/.m2/repository/com/fasterxml/jackson/core/jackson-annotations/2.13.0/jackson-annotations-2.13.0.jar:/Users/jasonhansen/.m2/repository/com/fasterxml/jackson/core/jackson-core/2.13.0/jackson-core-2.13.0.jar:/Users/jasonhansen/.m2/repository/org/junit/jupiter/junit-jupiter-api/5.10.2/junit-jupiter-api-5.10.2.jar:/Users/jasonhansen/.m2/repository/org/opentest4j/opentest4j/1.3.0/opentest4j-1.3.0.jar:/Users/jasonhansen/.m2/repository/org/junit/platform/junit-platform-commons/1.10.2/junit-platform-commons-1.10.2.jar:/Users/jasonhansen/.m2/repository/org/apiguardian/apiguardian-api/1.1.2/apiguardian-api-1.1.2.jar:/Users/jasonhansen/.m2/repository/org/junit/jupiter/junit-jupiter-engine/5.10.2/junit-jupiter-engine-5.10.2.jar:/Users/jasonhansen/.m2/repository/org/junit/platform/junit-platform-engine/1.10.2/junit-platform-engine-1.10.2.jar:/Users/jasonhansen/.m2/repository/junit/junit/4.13.2/junit-4.13.2.jar:/Users/jasonhansen/.m2/repository/org/hamcrest/hamcrest-core/1.3/hamcrest-core-1.3.jar:/Users/jasonhansen/.m2/repository/com/squareup/okhttp3/mockwebserver/4.9.1/mockwebserver-4.9.1.jar:/Users/jasonhansen/.m2/repository/org/jetbrains/kotlin/kotlin-stdlib-jdk8/1.4.10/kotlin-stdlib-jdk8-1.4.10.jar:/Users/jasonhansen/.m2/repository/org/jetbrains/kotlin/kotlin-stdlib-jdk7/1.4.10/kotlin-stdlib-jdk7-1.4.10.jar:"/>
    <property name="sun.cpu.endian" value="little"/>
    <property name="user.home" value="/Users/jasonhansen"/>
    <property name="user.language" value="en"/>
    <property name="java.specification.vendor" value="Oracle Corporation"/>
    <property name="java.version.date" value="2025-01-21"/>
    <property name="java.home" value="/opt/homebrew/Cellar/openjdk/23.0.2/libexec/openjdk.jdk/Contents/Home"/>
    <property name="file.separator" value="/"/>
    <property name="basedir" value="/Users/jasonhansen/Development/datalathe/datalathe-client-java"/>
    <property name="java.vm.compressedOopsMode" value="Zero based"/>
    <property name="line.separator" value="&#10;"/>
    <property name="java.vm.specification.vendor" value="Oracle Corporation"/>
    <property name="java.specification.name" value="Java Platform API Specification"/>
    <property name="apple.awt.application.name" value="ForkedBooter"/>
    <property name="surefire.real.class.path" value="/Users/jasonhansen/Development/datalathe/datalathe-client-java/target/surefire/surefirebooter-20250530092201115_3.jar"/>
    <property name="sun.management.compiler" value="HotSpot 64-Bit Tiered Compilers"/>
    <property name="ftp.nonProxyHosts" value="local|*.local|169.254/16|*.169.254/16"/>
    <property name="java.runtime.version" value="23.0.2"/>
    <property name="user.name" value="jasonhansen"/>
    <property name="stdout.encoding" value="UTF-8"/>
    <property name="path.separator" value=":"/>
    <property name="os.version" value="15.5"/>
    <property name="java.runtime.name" value="OpenJDK Runtime Environment"/>
    <property name="file.encoding" value="UTF-8"/>
    <property name="java.vm.name" value="OpenJDK 64-Bit Server VM"/>
    <property name="java.vendor.version" value="Homebrew"/>
    <property name="localRepository" value="/Users/jasonhansen/.m2/repository"/>
    <property name="java.vendor.url.bug" value="https://github.com/Homebrew/homebrew-core/issues"/>
    <property name="java.io.tmpdir" value="/var/folders/c4/q0k4wx4579323xkr_n_lqy400000gn/T/"/>
    <property name="java.version" value="23.0.2"/>
    <property name="user.dir" value="/Users/jasonhansen/Development/datalathe/datalathe-client-java"/>
    <property name="os.arch" value="aarch64"/>
    <property name="java.vm.specification.name" value="Java Virtual Machine Specification"/>
    <property name="native.encoding" value="UTF-8"/>
    <property name="java.library.path" value="/Users/jasonhansen/Library/Java/Extensions:/Library/Java/Extensions:/Network/Library/Java/Extensions:/System/Library/Java/Extensions:/usr/lib/java:."/>
    <property name="java.vm.info" value="mixed mode, sharing"/>
    <property name="stderr.encoding" value="UTF-8"/>
    <property name="java.vendor" value="Homebrew"/>
    <property name="java.vm.version" value="23.0.2"/>
    <property name="sun.io.unicode.encoding" value="UnicodeBig"/>
    <property name="socksNonProxyHosts" value="local|*.local|169.254/16|*.169.254/16"/>
    <property name="java.class.version" value="67.0"/>
  </properties>
  <testcase name="testEmptyResultSet" classname="com.datalathe.client.model.DatalatheResultSetTest" time="0.009"/>
  <testcase name="testNext" classname="com.datalathe.client.model.DatalatheResultSetTest" time="0.0"/>
  <testcase name="testFindColumn" classname="com.datalathe.client.model.DatalatheResultSetTest" time="0.001"/>
  <testcase name="testGetObjectWithType" classname="com.datalathe.client.model.DatalatheResultSetTest" time="0.001"/>
  <testcase name="testGetBoolean" classname="com.datalathe.client.model.DatalatheResultSetTest" time="0.001"/>
  <testcase name="testWasNull" classname="com.datalathe.client.model.DatalatheResultSetTest" time="0.0"/>
  <testcase name="testGetMetaData" classname="com.datalathe.client.model.DatalatheResultSetTest" time="0.0"/>
  <testcase name="testGetDouble" classname="com.datalathe.client.model.DatalatheResultSetTest" time="0.0"/>
  <testcase name="testNavigation" classname="com.datalathe.client.model.DatalatheResultSetTest" time="0.0"/>
  <testcase name="testGetObject" classname="com.datalathe.client.model.DatalatheResultSetTest" time="0.0"/>
  <testcase name="testGetInt" classname="com.datalathe.client.model.DatalatheResultSetTest" time="0.0"/>
  <testcase name="testGetRow" classname="com.datalathe.client.model.DatalatheResultSetTest" time="0.001"/>
  <testcase name="testGetString" classname="com.datalathe.client.model.DatalatheResultSetTest" time="0.0"/>
</testsuite>